Build started 7/13/2012 5:18:41 PM.
     1>Project "C:\Users\Andra\Desktop\Projects\Allocator\Allocator\Allocator.vcxproj" on node 2 (build target(s)).
     1>InitializeBuildStatus:
         Creating "Debug\Allocator.unsuccessfulbuild" because "AlwaysCreate" was specified.
       ClCompile:
         All outputs are up-to-date.
         C:\Program Files (x86)\Microsoft Visual Studio 10.0\VC\bin\CL.exe /c /ZI /nologo /W3 /WX- /Od /Oy- /D WIN32 /D _DEBUG /D _CONSOLE /D _UNICODE /D UNICODE /Gm /EHsc /RTC1 /MDd /GS /fp:precise /Zc:wchar_t /Zc:forScope /Yu"StdAfx.h" /Fp"Debug\Allocator.pch" /Fo"Debug\\" /Fd"Debug\vc100.pdb" /Gd /TP /analyze- /errorReport:prompt Main.cpp
         Main.cpp
       ManifestResourceCompile:
         All outputs are up-to-date.
       Link:
         C:\Program Files (x86)\Microsoft Visual Studio 10.0\VC\bin\link.exe /ERRORREPORT:PROMPT /OUT:"C:\Users\Andra\Desktop\Projects\Allocator\Allocator\Debug\Allocator.exe" /INCREMENTAL /NOLOGO kernel32.lib user32.lib gdi32.lib winspool.lib comdlg32.lib advapi32.lib shell32.lib ole32.lib oleaut32.lib uuid.lib odbc32.lib odbccp32.lib /MANIFEST /ManifestFile:"Debug\Allocator.exe.intermediate.manifest" /MANIFESTUAC:"level='asInvoker' uiAccess='false'" /DEBUG /PDB:"C:\Users\Andra\Desktop\Projects\Allocator\Allocator\Debug\Allocator.pdb" /SUBSYSTEM:CONSOLE /TLBID:1 /DYNAMICBASE /NXCOMPAT /IMPLIB:"C:\Users\Andra\Desktop\Projects\Allocator\Allocator\Debug\Allocator.lib" /MACHINE:X86 Debug\Allocator.exe.embed.manifest.res
         Debug\Allocator.obj
         Debug\Main.obj
         Debug\stdafx.obj
       Manifest:
         C:\Program Files (x86)\Microsoft SDKs\Windows\v7.0A\bin\mt.exe /nologo /verbose /out:"Debug\Allocator.exe.embed.manifest" /manifest Debug\Allocator.exe.intermediate.manifest
         All outputs are up-to-date.
       LinkEmbedManifest:
         All outputs are up-to-date.
         Allocator.vcxproj -> C:\Users\Andra\Desktop\Projects\Allocator\Allocator\Debug\Allocator.exe
       FinalizeBuildStatus:
         Deleting file "Debug\Allocator.unsuccessfulbuild".
         Touching "Debug\Allocator.lastbuildstate".
     1>Done Building Project "C:\Users\Andra\Desktop\Projects\Allocator\Allocator\Allocator.vcxproj" (build target(s)).

Build succeeded.

Time Elapsed 00:00:01.48
